<?xml version="1.0" encoding="utf-8" ?>
<!DOCTYPE html PUBLIC "-//W3C//DTD XHTML 1.0 Transitional//EN"
        "http://www.w3.org/TR/xhtml1/DTD/xhtml1-transitional.dtd">
<html xmlns="http://www.w3.org/1999/xhtml" xml:lang="en" lang="en">
<head>
	<script type="text/javascript" src="js/jquery-1.12.0.min.js"></script>
	<script type="text/javascript" src="js/bootstrap.min.js"></script>
	<link rel="stylesheet" href="css/bootstrap.min.css" />
	<link rel="stylesheet" href="css/reportng.css" />
	<script type="text/javascript">  
    	$(document).ready(function () {  
	            $('tr.parent')  
	                .css("cursor", "pointer")  
	                .attr("title", "Click to expand/collapse")  
	                .click(function () {  
	                    $(this).siblings('.child-' + this.id).toggle();  
	                });
	                $('tr.parent')  
	                .css("cursor", "pointer")  
	                .attr("title", "Click to expand/collapse")  
	                .click();
	    });
	    function changeIcon(elementId) {
			if ($('#'+elementId).hasClass('glyphicon glyphicon-minus')){
				$('#'+elementId).removeClass('glyphicon glyphicon-minus').toggleClass('glyphicon glyphicon-plus');
			}else{
				$('#'+elementId).removeClass('glyphicon glyphicon-plus').toggleClass('glyphicon glyphicon-minus');
			}
		}
		function showReport(element,report){$(element).children(".tipFrame").attr('src', report).show();}
		function hideReport(element){$(element).children(".tipFrame").hide();}
    </script>
</head>
<body>
<h3 class="skipTitle">Skipped</h3>
<div>
	<div class="well well-large">
	<h4>Regression Issues</h4>
		<table class="table table-bordered" width="100%;" id="features">
			<thead>
				<tr>
					<th scope="col" width="30px">#</th>
					<th scope="col">Issue</th>
					<th scope="col" colspan="2">Total Affected Tests</th>
				</tr>
			</thead>
			<tbody>
				<tr class="parent" id="row0" title="Click to expand/collapse" style="cursor: pointer;" onclick="changeIcon('span-c7b681ad-c66e-44ab-b3a9-d77ba4e91381'); ">
<td><span id="span-c7b681ad-c66e-44ab-b3a9-d77ba4e91381" class="glyphicon glyphicon-minus" style="color:blue"></span></td>
<td class="break-word">org.openqa.selenium.ElementClickInterceptedException: element click intercepted: Element &lt;button class=&quot;btn-agre save-btn-regular btn-regular btn-style-standard slds-float_right automation-cmtIdentificationInformation-CMT_Save_and_Continue&quot;&gt;...&lt;/button&gt; is not clickable at point (740, 464). Other element would receive the click: &lt;div class=&quot;slds-grid slds-wrap&quot;&gt;...&lt;/div&gt;
  (Session info: chrome=113.0.5672.93)
Build info: version: &apos;4.8.3&apos;, revision: &apos;e5e76298c3&apos;
System info: os.name: &apos;Windows 10&apos;, os.arch: &apos;amd64&apos;, os.version: &apos;10.0&apos;, java.version: &apos;20&apos;
Driver info: org.openqa.selenium.chrome.ChromeDriver
Command: [e6ec7a566411111dc9790098cd26d411, clickElement {id=E456FF3470AA96D7E5F9C35C016647AD_element_144}]
Capabilities {acceptInsecureCerts: false, browserName: chrome, browserVersion: 113.0.5672.93, chrome: {chromedriverVersion: 113.0.5672.63 (0e1a4471d5ae..., userDataDir: C:\Users\CLOUDA~1\AppData\L...}, goog:chromeOptions: {debuggerAddress: localhost:51594}, networkConnectionEnabled: false, pageLoadStrategy: normal, platformName: WINDOWS, proxy: Proxy(), se:cdp: ws://localhost:51594/devtoo..., se:cdpVersion: 113.0.5672.93, setWindowRect: true, strictFileInteractability: false, timeouts: {implicit: 0, pageLoad: 300000, script: 30000}, unhandledPromptBehavior: dismiss and notify, webauthn:extension:credBlob: true, webauthn:extension:largeBlob: true, webauthn:extension:minPinLength: true, webauthn:extension:prf: true, webauthn:virtualAuthenticators: true}
Element: [[ChromeDriver: chrome on WINDOWS (e6ec7a566411111dc9790098cd26d411)] -&gt; xpath: //button[text()=&apos;Guardar y Continuar&apos;]]
Session ID: e6ec7a566411111dc9790098cd26d411</td><td>1</td><td></td></tr><tr class="child-row0" style="display: table-row;"><td></td><td><i>Suite Name</i></td><td><i>Test Name</i></td><td><i>Class Name</i></td></tr><tr class="child-row0" style="display: table-row;"><td></td><td><a href="suites_overview.html#Suite">Suite</a></td><td><a href="suite1_test1_results.html">Test</a></td><td class="break-word">testcases.PE2</td></tr>
<tr class="parent" id="row1" title="Click to expand/collapse" style="cursor: pointer;" onclick="changeIcon('span-19a0d681-de9c-43d8-945e-c7d3ae1a6ed4'); ">
<td><span id="span-19a0d681-de9c-43d8-945e-c7d3ae1a6ed4" class="glyphicon glyphicon-minus" style="color:blue"></span></td>
<td class="break-word">org.openqa.selenium.NoSuchElementException: no such element: Unable to locate element: {&quot;method&quot;:&quot;xpath&quot;,&quot;selector&quot;:&quot;//div[@data-record-id=&apos;a0h63000008X7JAAA0&apos;]&quot;}
  (Session info: chrome=113.0.5672.93)
For documentation on this error, please visit: https://selenium.dev/exceptions/#no_such_element
Build info: version: &apos;4.8.3&apos;, revision: &apos;e5e76298c3&apos;
System info: os.name: &apos;Windows 10&apos;, os.arch: &apos;amd64&apos;, os.version: &apos;10.0&apos;, java.version: &apos;20&apos;
Driver info: org.openqa.selenium.chrome.ChromeDriver
Command: [4e90d0e84a7982eec24874848bd68e6e, findElement {using=xpath, value=//div[@data-record-id=&apos;a0h63000008X7JAAA0&apos;]}]
Capabilities {acceptInsecureCerts: false, browserName: chrome, browserVersion: 113.0.5672.93, chrome: {chromedriverVersion: 113.0.5672.63 (0e1a4471d5ae..., userDataDir: C:\Users\CLOUDA~1\AppData\L...}, goog:chromeOptions: {debuggerAddress: localhost:51711}, networkConnectionEnabled: false, pageLoadStrategy: normal, platformName: WINDOWS, proxy: Proxy(), se:cdp: ws://localhost:51711/devtoo..., se:cdpVersion: 113.0.5672.93, setWindowRect: true, strictFileInteractability: false, timeouts: {implicit: 0, pageLoad: 300000, script: 30000}, unhandledPromptBehavior: dismiss and notify, webauthn:extension:credBlob: true, webauthn:extension:largeBlob: true, webauthn:extension:minPinLength: true, webauthn:extension:prf: true, webauthn:virtualAuthenticators: true}
Session ID: 4e90d0e84a7982eec24874848bd68e6e</td><td>1</td><td></td></tr><tr class="child-row1" style="display: table-row;"><td></td><td><i>Suite Name</i></td><td><i>Test Name</i></td><td><i>Class Name</i></td></tr><tr class="child-row1" style="display: table-row;"><td></td><td><a href="suites_overview.html#Suite">Suite</a></td><td><a href="suite1_test1_results.html">Test</a></td><td class="break-word">testcases.PE2</td></tr>
<tr class="parent" id="row2" title="Click to expand/collapse" style="cursor: pointer;" onclick="changeIcon('span-0db71cac-7c04-4973-8a38-b33335a3f780'); ">
<td><span id="span-0db71cac-7c04-4973-8a38-b33335a3f780" class="glyphicon glyphicon-minus" style="color:blue"></span></td>
<td class="break-word">org.openqa.selenium.TimeoutException: Expected condition failed: waiting for visibility of element located by By.xpath: //tbody[@id=&apos;schranka&apos;]//tr[@class=&apos;hidden-xs hidden-sm klikaciRadek newMail&apos; and @data-href=&apos;5&apos;] (tried for 120 second(s) with 500 milliseconds interval)
Build info: version: &apos;4.8.3&apos;, revision: &apos;e5e76298c3&apos;
System info: os.name: &apos;Windows 10&apos;, os.arch: &apos;amd64&apos;, os.version: &apos;10.0&apos;, java.version: &apos;20&apos;
Driver info: org.openqa.selenium.chrome.ChromeDriver
Capabilities {acceptInsecureCerts: false, browserName: chrome, browserVersion: 113.0.5672.93, chrome: {chromedriverVersion: 113.0.5672.63 (0e1a4471d5ae..., userDataDir: C:\Users\CLOUDA~1\AppData\L...}, goog:chromeOptions: {debuggerAddress: localhost:51199}, networkConnectionEnabled: false, pageLoadStrategy: normal, platformName: WINDOWS, proxy: Proxy(), se:cdp: ws://localhost:51199/devtoo..., se:cdpVersion: 113.0.5672.93, setWindowRect: true, strictFileInteractability: false, timeouts: {implicit: 0, pageLoad: 300000, script: 30000}, unhandledPromptBehavior: dismiss and notify, webauthn:extension:credBlob: true, webauthn:extension:largeBlob: true, webauthn:extension:minPinLength: true, webauthn:extension:prf: true, webauthn:virtualAuthenticators: true}
Session ID: 5ca4863d2194732c384d631578f10df8</td><td>1</td><td></td></tr><tr class="child-row2" style="display: table-row;"><td></td><td><i>Suite Name</i></td><td><i>Test Name</i></td><td><i>Class Name</i></td></tr><tr class="child-row2" style="display: table-row;"><td></td><td><a href="suites_overview.html#Suite">Suite</a></td><td><a href="suite1_test1_results.html">Test</a></td><td class="break-word">testcases.PE2</td></tr>

			</tbody>
	</table>
	</div>
	
	<div class="well well-large">
	<h4>New Features Issues</h4>
		<table class="table table-bordered" width="100%;" id="features">
			<thead>
				<tr>
					<th scope="col" width="30px">#</th>
					<th scope="col">Issue</th>
					<th scope="col" colspan="2">Total Affected Tests</th>
				</tr>
			</thead>
			<tbody>
				<tr style="display: table-row;"><td>&nbsp;</td><td>&nbsp;</td><td>&nbsp;</td><td>&nbsp;</td></tr>

			</tbody>
	</table>
	</div>
	
</div>
</body>
</html>