<?xml version="1.0" encoding="ISO-8859-1" ?>
<!DOCTYPE html PUBLIC "-//W3C//DTD XHTML 1.0 Strict//EN"
"http://www.w3.org/TR/xhtml1/DTD/xhtml1-strict.dtd">
<html xmlns="http://www.w3.org/1999/xhtml" xml:lang="en" lang="en">
<head>
  <meta http-equiv="Content-Type" content="text/html;charset=utf-8" />
  <meta name="description" content="TestNG unit test results." />
  <link href="css/bootstrap.min.css" rel="stylesheet" />
  <link href="css/reportngClass.css" rel="stylesheet" />
  <script type="text/javascript" src="js/reportngClass.js"></script>
  <script type="text/javascript" src="js/jquery-1.4.4.min.js"></script> 
  <script type="text/javascript" src="js/jquery.tablesorter.min.js"></script>
  <script type="text/javascript" src="js/json-min.js"></script>
  <script type="text/javascript">
	$(document).ready(function(){
		$('.tablesorter').tablesorter({sortList: [[0,0]]});
	});
  </script>
</head>
<body onload="doParse(); return false;" onkeypress="collapseExpand();">
<div class="well well-large">
	<b>Test Info</>
	<table class="table">
	  <tr>
	    <th>Test Name : </th>
	    <th>
	    	<div class="tooltipCustom">
	    		<img src="images/copy.png" width="10" height="15" alt="Copy to Clipboard" onclick="copyToClipboard('#testNameId')"/>
	    		<span class="tooltiptextCustom">Copy Test name</span>
			</div>
	    </th>
	    <th id="testNameId">Test</th> 
	  </tr>
	  <tr>
	    <th>Test Class : </th>
	    <th>
	    	<div class="tooltipCustom">
	    		<img src="images/copy.png" width="10" height="15" alt="Copy to Clipboard" onclick="copyToClipboard('#testClassId')"/>
	    		<span class="tooltiptextCustom">Copy full path Class name</span>
			</div>
	    	<div class="tooltipCustom">
	    		<img src="images/copy.png" width="10" height="15" alt="Copy to Clipboard" onclick="copyToClipboard('#testClassNameId')"/>
	    		<span class="tooltiptextCustom">Copy Class name</span>
			</div>
	    </th> 
	    <th id="testClassId">testcases.PE2</th>
	    <th id="testClassNameId" hidden="true">PE2</th>
	  </tr>
	  <tr>
	    <th>Suite Name : </th>
	    <th>
	    	<div class="tooltipCustom">
	    		<img src="images/copy.png" width="10" height="15" alt="Copy to Clipboard" onclick="copyToClipboard('#suiteNameId')"/>
	    		<span class="tooltiptextCustom">Copy Suite name</span>
			</div>
		</th>
	    <th id="suiteNameId">Suite</th>
	  </tr>
	  <tr>
	    <th>Suite XML : </th>
	    <th>
	    	<div class="tooltipCustom">
	    		<img src="images/copy.png" width="10" height="15" alt="Copy to Clipboard" onclick="copyToClipboard('#suiteXMLId')"/>
	    		<span class="tooltiptextCustom">Copy Suite full path name</span>
			</div>
	    	<div class="tooltipCustom">
	    		<img src="images/copy.png" width="10" height="15" alt="Copy to Clipboard" onclick="copyToClipboard('#suiteXMLNameId')"/>
	    		<span class="tooltiptextCustom">Copy Suite file name</span>
			</div>
	    </th> 
	  	<th id="suiteXMLId">C:\Users\Cloud Analogy\OneDrive\Testing\MaryKay\testrunner\PE2.xml</th>
	  	<th id="suiteXMLNameId" hidden="true">PE2.xml</th>
	  </tr>
	  	  <tr>
	    <th>Total Time : </th>
	    <th></th>
	    <th>00:13:48</th> 
	  </tr>
	  <tr>
	    <th>Total Steps : </th>
	   	<th></th>
	    <th>1</th> 
	  </tr>
	  <tr>
	    <th>Status : </th>
	    <th></th>
	    <th><font color="red">FAIL</font></th> 
	  </tr>
	</table>
</div>
<div class="well well-large">
	<div class="row">
		<div class="col-xs-12">
	        <div class="text-right">
	            <button id="hideResults" type="button" class="btn-danger" onclick="collapseExpand(this);" onkeypress="collapseExpand(this);" class="btn pull-right" title="Click or Press Any key to collapse/expand All Failed Tests and Configuration Methods">Show Only Failures</button>
	        </div>
	    </div>
	</div>
	<table class="tablesorter" border="1">
		<thead>
		<tr>
		<th class="headerTime">Time</th>
		<th class="headerTime" width="12%">Info</th>
		<th class="headerTime" width="88%">Test</th>
		</tr>
		</thead>
		<tbody>
		
				
				
												
											<tr>
	<td class="time">1684493436624</td>
	<td class="header failed" colspan="4" onClick="toggleElement('5505a4b8-1154-49ba-9300-ddd202b1ad0e','block');changeSingleIcon('span-5505a4b8-1154-49ba-9300-ddd202b1ad0e');" title="Click to expand/collapse" style="cursor: pointer;">
	<div style="float:left;"><i>Class&nbsp;:&nbsp;</i>testcases.PE2</div>
	<div style="float:right;">@Test @ with DataProvider : [""] &nbsp;&nbsp;<span id='span-5505a4b8-1154-49ba-9300-ddd202b1ad0e' class="glyphicon glyphicon-menu-down"></span></div>
	</td>
	</tr>
<tr>
	<td class="time">1684493436624</td>
	<td class="methodTest">
		<span class="description"><b>Method: </b>peruAgreement</span><br>
			<span class="description"><b>Description: </b></span><br>
							<span class="duration"><b>Duration: </b>262.135s</span><br>
	</td>
	<td class="result">
						<div class="noCollapse" id="5505a4b8-1154-49ba-9300-ddd202b1ad0e" style="display: block;">
												Method name is = peruAgreement
												<a href=C:\Users\Cloud%20Analogy\OneDrive\Testing\MaryKay/screenshot/Fri-May-19-16-24-59-IST-2023.png>Fail Test Results</a>
									<a href="javascript:toggleElement('exception-5505a4b8-1154-49ba-9300-ddd202b1ad0e','block')" title="Click to expand/collapse"><b>org.openqa.selenium.TimeoutException: Expected condition failed: waiting for visibility of element located by By.xpath: //input[@type=&apos;text&apos;][@id=&apos;input-3&apos;] (tried for 120 second(s) with 500 milliseconds interval)<br/>
Build info: version: &apos;4.8.3&apos;, revision: &apos;e5e76298c3&apos;<br/>
System info: os.name: &apos;Windows 10&apos;, os.arch: &apos;amd64&apos;, os.version: &apos;10.0&apos;, java.version: &apos;20&apos;<br/>
Driver info: org.openqa.selenium.chrome.ChromeDriver<br/>
Capabilities {acceptInsecureCerts: false, browserName: chrome, browserVersion: 113.0.5672.93, chrome: {chromedriverVersion: 113.0.5672.63 (0e1a4471d5ae..., userDataDir: C:\Users\CLOUDA~1\AppData\L...}, goog:chromeOptions: {debuggerAddress: localhost:51866}, networkConnectionEnabled: false, pageLoadStrategy: normal, platformName: WINDOWS, proxy: Proxy(), se:cdp: ws://localhost:51866/devtoo..., se:cdpVersion: 113.0.5672.93, setWindowRect: true, strictFileInteractability: false, timeouts: {implicit: 0, pageLoad: 300000, script: 30000}, unhandledPromptBehavior: dismiss and notify, webauthn:extension:credBlob: true, webauthn:extension:largeBlob: true, webauthn:extension:minPinLength: true, webauthn:extension:prf: true, webauthn:virtualAuthenticators: true}<br/>
Session ID: 48fe8c40a05831fca6e3a8b41a94687a</b></a><br/>
		<div class="stackTrace" id="exception-5505a4b8-1154-49ba-9300-ddd202b1ad0e">
					org.openqa.selenium.support.ui.WebDriverWait.timeoutException(WebDriverWait.java:87)<br/>
					org.openqa.selenium.support.ui.FluentWait.until(FluentWait.java:231)<br/>
					testcases.PE2.peruAgreement(PE2.java:86)<br/>
					java.base/jdk.internal.reflect.DirectMethodHandleAccessor.invoke(DirectMethodHandleAccessor.java:104)<br/>
					java.base/java.lang.reflect.Method.invoke(Method.java:578)<br/>
					org.testng.internal.MethodInvocationHelper.invokeMethod(MethodInvocationHelper.java:133)<br/>
					org.testng.internal.TestInvoker.invokeMethod(TestInvoker.java:598)<br/>
					org.testng.internal.TestInvoker.retryFailed(TestInvoker.java:213)<br/>
					org.testng.internal.MethodRunner.runInSequence(MethodRunner.java:58)<br/>
					org.testng.internal.TestInvoker$MethodInvocationAgent.invoke(TestInvoker.java:824)<br/>
					org.testng.internal.TestInvoker.invokeTestMethods(TestInvoker.java:146)<br/>
					org.testng.internal.TestMethodWorker.invokeTestMethods(TestMethodWorker.java:146)<br/>
					org.testng.internal.TestMethodWorker.run(TestMethodWorker.java:128)<br/>
					java.base/java.util.ArrayList.forEach(ArrayList.java:1511)<br/>
					org.testng.TestRunner.privateRun(TestRunner.java:794)<br/>
					org.testng.TestRunner.run(TestRunner.java:596)<br/>
					org.testng.SuiteRunner.runTest(SuiteRunner.java:377)<br/>
					org.testng.SuiteRunner.runSequentially(SuiteRunner.java:371)<br/>
					org.testng.SuiteRunner.privateRun(SuiteRunner.java:332)<br/>
					org.testng.SuiteRunner.run(SuiteRunner.java:276)<br/>
					org.testng.SuiteRunnerWorker.runSuite(SuiteRunnerWorker.java:53)<br/>
					org.testng.SuiteRunnerWorker.run(SuiteRunnerWorker.java:96)<br/>
					org.testng.TestNG.runSuitesSequentially(TestNG.java:1212)<br/>
					org.testng.TestNG.runSuitesLocally(TestNG.java:1134)<br/>
					org.testng.TestNG.runSuites(TestNG.java:1063)<br/>
					org.testng.TestNG.run(TestNG.java:1031)<br/>
					org.testng.remote.AbstractRemoteTestNG.run(AbstractRemoteTestNG.java:115)<br/>
					org.testng.remote.RemoteTestNG.initAndRun(RemoteTestNG.java:251)<br/>
					org.testng.remote.RemoteTestNG.main(RemoteTestNG.java:77)<br/>
						</div>
		</td>
	</div>
</tr>
						
											<tr>
	<td class="time">1684493335471</td>
	<td class="header skipped" colspan="4" onClick="toggleElement('76a003dc-260e-497f-abe5-962bd20977b3','block');changeSingleIcon('span-76a003dc-260e-497f-abe5-962bd20977b3');" title="Click to expand/collapse" style="cursor: pointer;">
	<div style="float:left;"><i>Class&nbsp;:&nbsp;</i>testcases.PE2</div>
	<div style="float:right;">@Test @ with DataProvider : [""] &nbsp;&nbsp;<span id='span-76a003dc-260e-497f-abe5-962bd20977b3' class="glyphicon glyphicon-menu-down"></span></div>
	</td>
	</tr>
<tr>
	<td class="time">1684493335471</td>
	<td class="methodTest">
		<span class="description"><b>Method: </b>peruAgreement</span><br>
			<span class="description"><b>Description: </b></span><br>
							<span class="duration"><b>Duration: </b>100.117s</span><br>
	</td>
	<td class="result">
		 									<div class="stackTrace" id="76a003dc-260e-497f-abe5-962bd20977b3" style="display: block;">
												Method name is = peruAgreement
									<a href="javascript:toggleElement('exception-76a003dc-260e-497f-abe5-962bd20977b3','block')" title="Click to expand/collapse"><b>org.openqa.selenium.NoSuchElementException: no such element: Unable to locate element: {&quot;method&quot;:&quot;xpath&quot;,&quot;selector&quot;:&quot;//div[@data-record-id=&apos;a0h63000008X7JAAA0&apos;]&quot;}<br/>
&nbsp; (Session info: chrome=113.0.5672.93)<br/>
For documentation on this error, please visit: https://selenium.dev/exceptions/#no_such_element<br/>
Build info: version: &apos;4.8.3&apos;, revision: &apos;e5e76298c3&apos;<br/>
System info: os.name: &apos;Windows 10&apos;, os.arch: &apos;amd64&apos;, os.version: &apos;10.0&apos;, java.version: &apos;20&apos;<br/>
Driver info: org.openqa.selenium.chrome.ChromeDriver<br/>
Command: [4e90d0e84a7982eec24874848bd68e6e, findElement {using=xpath, value=//div[@data-record-id=&apos;a0h63000008X7JAAA0&apos;]}]<br/>
Capabilities {acceptInsecureCerts: false, browserName: chrome, browserVersion: 113.0.5672.93, chrome: {chromedriverVersion: 113.0.5672.63 (0e1a4471d5ae..., userDataDir: C:\Users\CLOUDA~1\AppData\L...}, goog:chromeOptions: {debuggerAddress: localhost:51711}, networkConnectionEnabled: false, pageLoadStrategy: normal, platformName: WINDOWS, proxy: Proxy(), se:cdp: ws://localhost:51711/devtoo..., se:cdpVersion: 113.0.5672.93, setWindowRect: true, strictFileInteractability: false, timeouts: {implicit: 0, pageLoad: 300000, script: 30000}, unhandledPromptBehavior: dismiss and notify, webauthn:extension:credBlob: true, webauthn:extension:largeBlob: true, webauthn:extension:minPinLength: true, webauthn:extension:prf: true, webauthn:virtualAuthenticators: true}<br/>
Session ID: 4e90d0e84a7982eec24874848bd68e6e</b></a><br/>
		<div class="stackTrace" id="exception-76a003dc-260e-497f-abe5-962bd20977b3">
					java.base/jdk.internal.reflect.DirectConstructorHandleAccessor.newInstance(DirectConstructorHandleAccessor.java:67)<br/>
					java.base/java.lang.reflect.Constructor.newInstanceWithCaller(Constructor.java:500)<br/>
					java.base/java.lang.reflect.Constructor.newInstance(Constructor.java:484)<br/>
					org.openqa.selenium.remote.codec.w3c.W3CHttpResponseCodec.createException(W3CHttpResponseCodec.java:200)<br/>
					org.openqa.selenium.remote.codec.w3c.W3CHttpResponseCodec.decode(W3CHttpResponseCodec.java:133)<br/>
					org.openqa.selenium.remote.codec.w3c.W3CHttpResponseCodec.decode(W3CHttpResponseCodec.java:53)<br/>
					org.openqa.selenium.remote.HttpCommandExecutor.execute(HttpCommandExecutor.java:193)<br/>
					org.openqa.selenium.remote.service.DriverCommandExecutor.invokeExecute(DriverCommandExecutor.java:183)<br/>
					org.openqa.selenium.remote.service.DriverCommandExecutor.execute(DriverCommandExecutor.java:158)<br/>
					org.openqa.selenium.remote.RemoteWebDriver.execute(RemoteWebDriver.java:543)<br/>
					org.openqa.selenium.remote.ElementLocation$ElementFinder$2.findElement(ElementLocation.java:162)<br/>
					org.openqa.selenium.remote.ElementLocation.findElement(ElementLocation.java:60)<br/>
					org.openqa.selenium.remote.RemoteWebDriver.findElement(RemoteWebDriver.java:352)<br/>
					org.openqa.selenium.remote.RemoteWebDriver.findElement(RemoteWebDriver.java:344)<br/>
					testcases.PE2.peruAgreement(PE2.java:160)<br/>
					java.base/jdk.internal.reflect.DirectMethodHandleAccessor.invoke(DirectMethodHandleAccessor.java:104)<br/>
					java.base/java.lang.reflect.Method.invoke(Method.java:578)<br/>
					org.testng.internal.MethodInvocationHelper.invokeMethod(MethodInvocationHelper.java:133)<br/>
					org.testng.internal.TestInvoker.invokeMethod(TestInvoker.java:598)<br/>
					org.testng.internal.TestInvoker.retryFailed(TestInvoker.java:213)<br/>
					org.testng.internal.MethodRunner.runInSequence(MethodRunner.java:58)<br/>
					org.testng.internal.TestInvoker$MethodInvocationAgent.invoke(TestInvoker.java:824)<br/>
					org.testng.internal.TestInvoker.invokeTestMethods(TestInvoker.java:146)<br/>
					org.testng.internal.TestMethodWorker.invokeTestMethods(TestMethodWorker.java:146)<br/>
					org.testng.internal.TestMethodWorker.run(TestMethodWorker.java:128)<br/>
					java.base/java.util.ArrayList.forEach(ArrayList.java:1511)<br/>
					org.testng.TestRunner.privateRun(TestRunner.java:794)<br/>
					org.testng.TestRunner.run(TestRunner.java:596)<br/>
					org.testng.SuiteRunner.runTest(SuiteRunner.java:377)<br/>
					org.testng.SuiteRunner.runSequentially(SuiteRunner.java:371)<br/>
					org.testng.SuiteRunner.privateRun(SuiteRunner.java:332)<br/>
					org.testng.SuiteRunner.run(SuiteRunner.java:276)<br/>
					org.testng.SuiteRunnerWorker.runSuite(SuiteRunnerWorker.java:53)<br/>
					org.testng.SuiteRunnerWorker.run(SuiteRunnerWorker.java:96)<br/>
					org.testng.TestNG.runSuitesSequentially(TestNG.java:1212)<br/>
					org.testng.TestNG.runSuitesLocally(TestNG.java:1134)<br/>
					org.testng.TestNG.runSuites(TestNG.java:1063)<br/>
					org.testng.TestNG.run(TestNG.java:1031)<br/>
					org.testng.remote.AbstractRemoteTestNG.run(AbstractRemoteTestNG.java:115)<br/>
					org.testng.remote.RemoteTestNG.initAndRun(RemoteTestNG.java:251)<br/>
					org.testng.remote.RemoteTestNG.main(RemoteTestNG.java:77)<br/>
						</div>
		</td>
	</div>
</tr>
					<tr>
	<td class="time">1684493260913</td>
	<td class="header skipped" colspan="4" onClick="toggleElement('0275985c-9115-4ecc-ac60-a1c2949b4904','block');changeSingleIcon('span-0275985c-9115-4ecc-ac60-a1c2949b4904');" title="Click to expand/collapse" style="cursor: pointer;">
	<div style="float:left;"><i>Class&nbsp;:&nbsp;</i>testcases.PE2</div>
	<div style="float:right;">@Test @ with DataProvider : [""] &nbsp;&nbsp;<span id='span-0275985c-9115-4ecc-ac60-a1c2949b4904' class="glyphicon glyphicon-menu-down"></span></div>
	</td>
	</tr>
<tr>
	<td class="time">1684493260913</td>
	<td class="methodTest">
		<span class="description"><b>Method: </b>peruAgreement</span><br>
			<span class="description"><b>Description: </b></span><br>
							<span class="duration"><b>Duration: </b>73.526s</span><br>
	</td>
	<td class="result">
		 									<div class="stackTrace" id="0275985c-9115-4ecc-ac60-a1c2949b4904" style="display: block;">
												Method name is = peruAgreement
									<a href="javascript:toggleElement('exception-0275985c-9115-4ecc-ac60-a1c2949b4904','block')" title="Click to expand/collapse"><b>org.openqa.selenium.ElementClickInterceptedException: element click intercepted: Element &lt;button class=&quot;btn-agre save-btn-regular btn-regular btn-style-standard slds-float_right automation-cmtIdentificationInformation-CMT_Save_and_Continue&quot;&gt;...&lt;/button&gt; is not clickable at point (740, 464). Other element would receive the click: &lt;div class=&quot;slds-grid slds-wrap&quot;&gt;...&lt;/div&gt;<br/>
&nbsp; (Session info: chrome=113.0.5672.93)<br/>
Build info: version: &apos;4.8.3&apos;, revision: &apos;e5e76298c3&apos;<br/>
System info: os.name: &apos;Windows 10&apos;, os.arch: &apos;amd64&apos;, os.version: &apos;10.0&apos;, java.version: &apos;20&apos;<br/>
Driver info: org.openqa.selenium.chrome.ChromeDriver<br/>
Command: [e6ec7a566411111dc9790098cd26d411, clickElement {id=E456FF3470AA96D7E5F9C35C016647AD_element_144}]<br/>
Capabilities {acceptInsecureCerts: false, browserName: chrome, browserVersion: 113.0.5672.93, chrome: {chromedriverVersion: 113.0.5672.63 (0e1a4471d5ae..., userDataDir: C:\Users\CLOUDA~1\AppData\L...}, goog:chromeOptions: {debuggerAddress: localhost:51594}, networkConnectionEnabled: false, pageLoadStrategy: normal, platformName: WINDOWS, proxy: Proxy(), se:cdp: ws://localhost:51594/devtoo..., se:cdpVersion: 113.0.5672.93, setWindowRect: true, strictFileInteractability: false, timeouts: {implicit: 0, pageLoad: 300000, script: 30000}, unhandledPromptBehavior: dismiss and notify, webauthn:extension:credBlob: true, webauthn:extension:largeBlob: true, webauthn:extension:minPinLength: true, webauthn:extension:prf: true, webauthn:virtualAuthenticators: true}<br/>
Element: [[ChromeDriver: chrome on WINDOWS (e6ec7a566411111dc9790098cd26d411)] -&gt; xpath: //button[text()=&apos;Guardar y Continuar&apos;]]<br/>
Session ID: e6ec7a566411111dc9790098cd26d411</b></a><br/>
		<div class="stackTrace" id="exception-0275985c-9115-4ecc-ac60-a1c2949b4904">
					java.base/jdk.internal.reflect.DirectConstructorHandleAccessor.newInstance(DirectConstructorHandleAccessor.java:67)<br/>
					java.base/java.lang.reflect.Constructor.newInstanceWithCaller(Constructor.java:500)<br/>
					java.base/java.lang.reflect.Constructor.newInstance(Constructor.java:484)<br/>
					org.openqa.selenium.remote.codec.w3c.W3CHttpResponseCodec.createException(W3CHttpResponseCodec.java:200)<br/>
					org.openqa.selenium.remote.codec.w3c.W3CHttpResponseCodec.decode(W3CHttpResponseCodec.java:133)<br/>
					org.openqa.selenium.remote.codec.w3c.W3CHttpResponseCodec.decode(W3CHttpResponseCodec.java:53)<br/>
					org.openqa.selenium.remote.HttpCommandExecutor.execute(HttpCommandExecutor.java:193)<br/>
					org.openqa.selenium.remote.service.DriverCommandExecutor.invokeExecute(DriverCommandExecutor.java:183)<br/>
					org.openqa.selenium.remote.service.DriverCommandExecutor.execute(DriverCommandExecutor.java:158)<br/>
					org.openqa.selenium.remote.RemoteWebDriver.execute(RemoteWebDriver.java:543)<br/>
					org.openqa.selenium.remote.RemoteWebElement.execute(RemoteWebElement.java:257)<br/>
					org.openqa.selenium.remote.RemoteWebElement.click(RemoteWebElement.java:78)<br/>
					testcases.PE2.peruAgreement(PE2.java:128)<br/>
					java.base/jdk.internal.reflect.DirectMethodHandleAccessor.invoke(DirectMethodHandleAccessor.java:104)<br/>
					java.base/java.lang.reflect.Method.invoke(Method.java:578)<br/>
					org.testng.internal.MethodInvocationHelper.invokeMethod(MethodInvocationHelper.java:133)<br/>
					org.testng.internal.TestInvoker.invokeMethod(TestInvoker.java:598)<br/>
					org.testng.internal.TestInvoker.retryFailed(TestInvoker.java:213)<br/>
					org.testng.internal.MethodRunner.runInSequence(MethodRunner.java:58)<br/>
					org.testng.internal.TestInvoker$MethodInvocationAgent.invoke(TestInvoker.java:824)<br/>
					org.testng.internal.TestInvoker.invokeTestMethods(TestInvoker.java:146)<br/>
					org.testng.internal.TestMethodWorker.invokeTestMethods(TestMethodWorker.java:146)<br/>
					org.testng.internal.TestMethodWorker.run(TestMethodWorker.java:128)<br/>
					java.base/java.util.ArrayList.forEach(ArrayList.java:1511)<br/>
					org.testng.TestRunner.privateRun(TestRunner.java:794)<br/>
					org.testng.TestRunner.run(TestRunner.java:596)<br/>
					org.testng.SuiteRunner.runTest(SuiteRunner.java:377)<br/>
					org.testng.SuiteRunner.runSequentially(SuiteRunner.java:371)<br/>
					org.testng.SuiteRunner.privateRun(SuiteRunner.java:332)<br/>
					org.testng.SuiteRunner.run(SuiteRunner.java:276)<br/>
					org.testng.SuiteRunnerWorker.runSuite(SuiteRunnerWorker.java:53)<br/>
					org.testng.SuiteRunnerWorker.run(SuiteRunnerWorker.java:96)<br/>
					org.testng.TestNG.runSuitesSequentially(TestNG.java:1212)<br/>
					org.testng.TestNG.runSuitesLocally(TestNG.java:1134)<br/>
					org.testng.TestNG.runSuites(TestNG.java:1063)<br/>
					org.testng.TestNG.run(TestNG.java:1031)<br/>
					org.testng.remote.AbstractRemoteTestNG.run(AbstractRemoteTestNG.java:115)<br/>
					org.testng.remote.RemoteTestNG.initAndRun(RemoteTestNG.java:251)<br/>
					org.testng.remote.RemoteTestNG.main(RemoteTestNG.java:77)<br/>
						</div>
		</td>
	</div>
</tr>
					<tr>
	<td class="time">1684492871551</td>
	<td class="header skipped" colspan="4" onClick="toggleElement('759ccf54-f756-48c5-91f9-970d50e8030c','block');changeSingleIcon('span-759ccf54-f756-48c5-91f9-970d50e8030c');" title="Click to expand/collapse" style="cursor: pointer;">
	<div style="float:left;"><i>Class&nbsp;:&nbsp;</i>testcases.PE2</div>
	<div style="float:right;">@Test @ with DataProvider : [""] &nbsp;&nbsp;<span id='span-759ccf54-f756-48c5-91f9-970d50e8030c' class="glyphicon glyphicon-menu-down"></span></div>
	</td>
	</tr>
<tr>
	<td class="time">1684492871551</td>
	<td class="methodTest">
		<span class="description"><b>Method: </b>peruAgreement</span><br>
			<span class="description"><b>Description: </b></span><br>
							<span class="duration"><b>Duration: </b>388.284s</span><br>
	</td>
	<td class="result">
		 									<div class="stackTrace" id="759ccf54-f756-48c5-91f9-970d50e8030c" style="display: block;">
												Method name is = peruAgreement
									<a href="javascript:toggleElement('exception-759ccf54-f756-48c5-91f9-970d50e8030c','block')" title="Click to expand/collapse"><b>org.openqa.selenium.TimeoutException: Expected condition failed: waiting for visibility of element located by By.xpath: //tbody[@id=&apos;schranka&apos;]//tr[@class=&apos;hidden-xs hidden-sm klikaciRadek newMail&apos; and @data-href=&apos;5&apos;] (tried for 120 second(s) with 500 milliseconds interval)<br/>
Build info: version: &apos;4.8.3&apos;, revision: &apos;e5e76298c3&apos;<br/>
System info: os.name: &apos;Windows 10&apos;, os.arch: &apos;amd64&apos;, os.version: &apos;10.0&apos;, java.version: &apos;20&apos;<br/>
Driver info: org.openqa.selenium.chrome.ChromeDriver<br/>
Capabilities {acceptInsecureCerts: false, browserName: chrome, browserVersion: 113.0.5672.93, chrome: {chromedriverVersion: 113.0.5672.63 (0e1a4471d5ae..., userDataDir: C:\Users\CLOUDA~1\AppData\L...}, goog:chromeOptions: {debuggerAddress: localhost:51199}, networkConnectionEnabled: false, pageLoadStrategy: normal, platformName: WINDOWS, proxy: Proxy(), se:cdp: ws://localhost:51199/devtoo..., se:cdpVersion: 113.0.5672.93, setWindowRect: true, strictFileInteractability: false, timeouts: {implicit: 0, pageLoad: 300000, script: 30000}, unhandledPromptBehavior: dismiss and notify, webauthn:extension:credBlob: true, webauthn:extension:largeBlob: true, webauthn:extension:minPinLength: true, webauthn:extension:prf: true, webauthn:virtualAuthenticators: true}<br/>
Session ID: 5ca4863d2194732c384d631578f10df8</b></a><br/>
		<div class="stackTrace" id="exception-759ccf54-f756-48c5-91f9-970d50e8030c">
					org.openqa.selenium.support.ui.WebDriverWait.timeoutException(WebDriverWait.java:87)<br/>
					org.openqa.selenium.support.ui.FluentWait.until(FluentWait.java:231)<br/>
					testcases.PE2.peruAgreement(PE2.java:316)<br/>
					java.base/jdk.internal.reflect.DirectMethodHandleAccessor.invoke(DirectMethodHandleAccessor.java:104)<br/>
					java.base/java.lang.reflect.Method.invoke(Method.java:578)<br/>
					org.testng.internal.MethodInvocationHelper.invokeMethod(MethodInvocationHelper.java:133)<br/>
					org.testng.internal.TestInvoker.invokeMethod(TestInvoker.java:598)<br/>
					org.testng.internal.TestInvoker.invokeTestMethod(TestInvoker.java:173)<br/>
					org.testng.internal.MethodRunner.runInSequence(MethodRunner.java:46)<br/>
					org.testng.internal.TestInvoker$MethodInvocationAgent.invoke(TestInvoker.java:824)<br/>
					org.testng.internal.TestInvoker.invokeTestMethods(TestInvoker.java:146)<br/>
					org.testng.internal.TestMethodWorker.invokeTestMethods(TestMethodWorker.java:146)<br/>
					org.testng.internal.TestMethodWorker.run(TestMethodWorker.java:128)<br/>
					java.base/java.util.ArrayList.forEach(ArrayList.java:1511)<br/>
					org.testng.TestRunner.privateRun(TestRunner.java:794)<br/>
					org.testng.TestRunner.run(TestRunner.java:596)<br/>
					org.testng.SuiteRunner.runTest(SuiteRunner.java:377)<br/>
					org.testng.SuiteRunner.runSequentially(SuiteRunner.java:371)<br/>
					org.testng.SuiteRunner.privateRun(SuiteRunner.java:332)<br/>
					org.testng.SuiteRunner.run(SuiteRunner.java:276)<br/>
					org.testng.SuiteRunnerWorker.runSuite(SuiteRunnerWorker.java:53)<br/>
					org.testng.SuiteRunnerWorker.run(SuiteRunnerWorker.java:96)<br/>
					org.testng.TestNG.runSuitesSequentially(TestNG.java:1212)<br/>
					org.testng.TestNG.runSuitesLocally(TestNG.java:1134)<br/>
					org.testng.TestNG.runSuites(TestNG.java:1063)<br/>
					org.testng.TestNG.run(TestNG.java:1031)<br/>
					org.testng.remote.AbstractRemoteTestNG.run(AbstractRemoteTestNG.java:115)<br/>
					org.testng.remote.RemoteTestNG.initAndRun(RemoteTestNG.java:251)<br/>
					org.testng.remote.RemoteTestNG.main(RemoteTestNG.java:77)<br/>
						</div>
		</td>
	</div>
</tr>
						
			  
	</tbody>
	</table>
</div>
</body>
</html>
